info: Hola, soy logger
error: Algo explotó
warn: Algo inesperado ocurrió
info: /Users/sgomezb/Documents/nodejs-apps/appdelante_api
info: Hola, soy logger
error: Algo explotó
warn: Algo inesperado ocurrió
info: /Users/sgomezb/Documents/nodejs-apps/appdelante_api
info: Hola, soy logger
error: Algo explotó
warn: Algo inesperado ocurrió
info: /Users/sgomezb/Documents/nodejs-apps/appdelante_api
info: Hola, soy logger
error: Algo explotó
warn: Algo inesperado ocurrió
info: /Users/sgomezb/Documents/nodejs-apps/appdelante_api
info: Hola, soy logger
error: Algo explotó
warn: Algo inesperado ocurrió
info: /Users/sgomezb/Documents/nodejs-apps/appdelante_api
info: Hola, soy logger
error: Algo explotó
warn: Algo inesperado ocurrió
info: 2021-09-01T07:38:11.465Z /Users/sgomezb/Documents/nodejs-apps/appdelante_api
info: 2021-09-01T07:38:11.466Z Hola, soy logger
error: 2021-09-01T07:38:11.466Z Algo explotó
warn: 2021-09-01T07:38:11.466Z Algo inesperado ocurrió
info: 2021-09-01T07:38:17.534Z /Users/sgomezb/Documents/nodejs-apps/appdelante_api
info: 2021-09-01T07:38:17.535Z Hola, soy logger
error: 2021-09-01T07:38:17.535Z Algo explotó
warn: 2021-09-01T07:38:17.535Z Algo inesperado ocurrió
info: 2021-09-01T07:39:17.177Z /Users/sgomezb/Documents/nodejs-apps/appdelante_api
info: 2021-09-01T07:39:17.178Z Hola, soy logger {"compania":"appdelante"}
error: 2021-09-01T07:39:17.179Z Algo explotó
warn: 2021-09-01T07:39:17.181Z Algo inesperado ocurrió
