info: 2021-09-01T07:47:55.464Z /Users/sgomezb/Documents/nodejs-apps/appdelante_api
info: 2021-09-01T07:47:55.465Z Hola, soy logger {"compania":"appdelante"}
error: 2021-09-01T07:47:55.465Z Algo explotó
warn: 2021-09-01T07:47:55.465Z Algo inesperado ocurrió
info: 2021-09-01T07:48:47.867Z Escuchando en el puerto 3000.
info: 2021-09-02T01:01:36.630Z Escuchando en el puerto 3000.
info: 2021-09-02T01:10:20.370Z Escuchando en el puerto 3000.
info: 2021-09-02T01:17:23.495Z Escuchando en el puerto 3000.
info: 2021-09-02T01:17:39.017Z Escuchando en el puerto 3000.
info: 2021-09-02T01:20:19.752Z Escuchando en el puerto 3000.
info: 2021-09-02T01:21:39.370Z Escuchando en el puerto 3000.
info: 2021-09-02T01:27:17.887Z Escuchando en el puerto 3000.
error: 2021-09-02T01:27:34.170Z uncaughtException: stream.write is not a function
TypeError: stream.write is not a function
    at Array.logRequest (/Users/sgomezb/Documents/nodejs-apps/appdelante_api/node_modules/morgan/index.js:130:14)
    at listener (/Users/sgomezb/Documents/nodejs-apps/appdelante_api/node_modules/on-finished/index.js:169:15)
    at onFinish (/Users/sgomezb/Documents/nodejs-apps/appdelante_api/node_modules/on-finished/index.js:100:5)
    at callback (/Users/sgomezb/Documents/nodejs-apps/appdelante_api/node_modules/ee-first/index.js:55:10)
    at ServerResponse.onevent (/Users/sgomezb/Documents/nodejs-apps/appdelante_api/node_modules/ee-first/index.js:93:5)
    at ServerResponse.emit (events.js:327:22)
    at onFinish (_http_outgoing.js:766:10)
    at callback (_stream_writable.js:513:21)
    at afterWrite (_stream_writable.js:466:5)
    at afterWriteTick (_stream_writable.js:453:10) {"error":{},"stack":"TypeError: stream.write is not a function\n    at Array.logRequest (/Users/sgomezb/Documents/nodejs-apps/appdelante_api/node_modules/morgan/index.js:130:14)\n    at listener (/Users/sgomezb/Documents/nodejs-apps/appdelante_api/node_modules/on-finished/index.js:169:15)\n    at onFinish (/Users/sgomezb/Documents/nodejs-apps/appdelante_api/node_modules/on-finished/index.js:100:5)\n    at callback (/Users/sgomezb/Documents/nodejs-apps/appdelante_api/node_modules/ee-first/index.js:55:10)\n    at ServerResponse.onevent (/Users/sgomezb/Documents/nodejs-apps/appdelante_api/node_modules/ee-first/index.js:93:5)\n    at ServerResponse.emit (events.js:327:22)\n    at onFinish (_http_outgoing.js:766:10)\n    at callback (_stream_writable.js:513:21)\n    at afterWrite (_stream_writable.js:466:5)\n    at afterWriteTick (_stream_writable.js:453:10)","exception":true,"date":"Wed Sep 01 2021 20:27:34 GMT-0500 (Central Daylight Time)","process":{"pid":42196,"uid":502,"gid":20,"cwd":"/Users/sgomezb/Documents/nodejs-apps/appdelante_api","execPath":"/usr/local/bin/node","version":"v14.15.1","argv":["/usr/local/bin/node","/Users/sgomezb/Documents/nodejs-apps/appdelante_api/index.js"],"memoryUsage":{"rss":33259520,"heapTotal":9895936,"heapUsed":7993304,"external":1400822,"arrayBuffers":34118}},"os":{"loadavg":[10.2802734375,5.07080078125,5.2041015625],"uptime":70443},"trace":[{"column":14,"file":"/Users/sgomezb/Documents/nodejs-apps/appdelante_api/node_modules/morgan/index.js","function":"Array.logRequest","line":130,"method":"logRequest","native":false},{"column":15,"file":"/Users/sgomezb/Documents/nodejs-apps/appdelante_api/node_modules/on-finished/index.js","function":"listener","line":169,"method":null,"native":false},{"column":5,"file":"/Users/sgomezb/Documents/nodejs-apps/appdelante_api/node_modules/on-finished/index.js","function":"onFinish","line":100,"method":null,"native":false},{"column":10,"file":"/Users/sgomezb/Documents/nodejs-apps/appdelante_api/node_modules/ee-first/index.js","function":"callback","line":55,"method":null,"native":false},{"column":5,"file":"/Users/sgomezb/Documents/nodejs-apps/appdelante_api/node_modules/ee-first/index.js","function":"ServerResponse.onevent","line":93,"method":"onevent","native":false},{"column":22,"file":"events.js","function":"ServerResponse.emit","line":327,"method":"emit","native":false},{"column":10,"file":"_http_outgoing.js","function":"onFinish","line":766,"method":null,"native":false},{"column":21,"file":"_stream_writable.js","function":"callback","line":513,"method":null,"native":false},{"column":5,"file":"_stream_writable.js","function":"afterWrite","line":466,"method":null,"native":false},{"column":10,"file":"_stream_writable.js","function":"afterWriteTick","line":453,"method":null,"native":false}]}
info: 2021-09-02T01:28:11.022Z Escuchando en el puerto 3000.
info: 2021-09-02T01:38:00.322Z Escuchando en el puerto 3000.
info: 2021-09-02T01:38:22.538Z Escuchando en el puerto 3000.
info: 2021-09-02T01:51:59.522Z Escuchando en el puerto 3000.
info: 2021-09-02T01:52:06.595Z ::1 - GET /productos HTTP/1.1 200 222 - 2.835 ms

info: 2021-09-02T01:52:09.996Z ::1 - GET /productos/aa12ab HTTP/1.1 200 67 - 0.717 ms

info: 2021-09-02T01:52:13.761Z ::1 - POST /productos HTTP/1.1 400 166 - 3.276 ms

info: 2021-09-02T01:52:36.747Z ::1 - POST /productos HTTP/1.1 201 96 - 0.845 ms

info: 2021-09-02T02:32:19.299Z Escuchando en el puerto 3000.
info: 2021-09-02T02:33:26.115Z Escuchando en el puerto 3000.
info: 2021-09-02T02:33:42.620Z Producto agregado a la colección productos {"titulo":"Teléfono","precio":20.24,"moneda":"CAD","id":"0cee7212-5832-4128-bdcd-b77bf98bf1e7"}
info: 2021-09-02T02:33:42.633Z ::1 - POST /productos HTTP/1.1 201 96 - 6.175 ms

info: 2021-09-02T02:35:43.901Z Escuchando en el puerto 3000.
info: 2021-09-02T02:35:53.722Z ::1 - PUT /productos/8d684e37-17d6-44e3-8926-2ccaa043b2b3 HTTP/1.1 404 76 - 2.301 ms

info: 2021-09-02T02:35:59.271Z ::1 - GET /productos HTTP/1.1 200 222 - 0.580 ms

info: 2021-09-02T02:36:08.552Z Producto con id kfhdg2 fué reemplazado con nuevo producto {"titulo":"Zapatos nike zoom fly","precio":100,"moneda":"USD","id":"kfhdg2"}
info: 2021-09-02T02:36:08.552Z ::1 - PUT /productos/kfhdg2 HTTP/1.1 200 76 - 2.373 ms

info: 2021-09-02T02:36:38.791Z Escuchando en el puerto 3000.
info: 2021-09-02T02:36:43.727Z Producto con id [kfhdg2] fué reemplazado con nuevo producto {"titulo":"Zapatos nike zoom fly","precio":100,"moneda":"USD","id":"kfhdg2"}
info: 2021-09-02T02:36:43.735Z ::1 - PUT /productos/kfhdg2 HTTP/1.1 200 76 - 6.217 ms

info: 2021-09-02T02:39:48.361Z Escuchando en el puerto 3000.
info: 2021-09-02T02:41:47.023Z Escuchando en el puerto 3000.
info: 2021-09-02T02:42:04.341Z Escuchando en el puerto 3000.
info: 2021-09-02T02:42:18.082Z ::1 - DELETE /productos/123123 HTTP/1.1 200 79 - 2.848 ms

warn: 2021-09-02T02:42:22.466Z El producto con id [123123] no fué encontrado
info: 2021-09-02T02:42:22.469Z ::1 - DELETE /productos/123123 HTTP/1.1 404 46 - 0.948 ms

info: 2021-09-02T02:44:17.286Z Escuchando en el puerto 3000.
info: 2021-09-02T02:45:05.827Z ::1 - POST /productos HTTP/1.1 500 1543 - 5.064 ms

info: 2021-09-02T02:45:18.767Z Escuchando en el puerto 3000.
warn: 2021-09-02T02:45:22.658Z El siguiente producto no pasó la validación {"titulo":"Teléfono","precio":20.244,"moneda":"CAD"}
info: 2021-09-02T02:45:22.669Z ::1 - POST /productos HTTP/1.1 400 122 - 5.874 ms

info: 2021-09-02T14:37:03.230Z ::1 - GET /static/js/bundle.js HTTP/1.1 404 158 - 114.471 ms

info: 2021-09-02T14:37:03.234Z ::1 - GET /main.265a2f29251780aa333d.hot-update.js HTTP/1.1 404 178 - 0.558 ms

info: 2021-09-02T14:37:03.235Z ::1 - GET /static/js/main.chunk.js HTTP/1.1 404 162 - 0.226 ms

info: 2021-09-02T14:37:03.328Z ::1 - GET /static/js/0.chunk.js HTTP/1.1 404 159 - 0.612 ms

info: 2021-09-02T14:37:03.338Z ::1 - GET /static/js/main.chunk.js HTTP/1.1 404 162 - 0.848 ms

info: 2021-09-02T14:37:03.359Z ::1 - GET /main.265a2f29251780aa333d.hot-update.js HTTP/1.1 404 178 - 12.604 ms

info: 2021-09-02T14:37:03.382Z ::1 - GET /manifest.json HTTP/1.1 404 152 - 0.368 ms

info: 2021-09-03T03:56:17.586Z Escuchando en el puerto 3000.
info: 2021-09-03T04:18:39.844Z Escuchando en el puerto 3000.
info: 2021-09-03T04:19:43.645Z Escuchando en el puerto 3000.
info: 2021-09-03T04:21:15.744Z Escuchando en el puerto 3000.
info: 2021-09-03T04:21:27.978Z Escuchando en el puerto 3000.
info: 2021-09-03T04:21:47.181Z Escuchando en el puerto 3000.
info: 2021-09-03T04:21:59.813Z Escuchando en el puerto 3000.
info: 2021-09-03T04:33:13.095Z Escuchando en el puerto 3000.
info: 2021-09-03T04:33:19.051Z Escuchando en el puerto 3000.
info: 2021-09-03T04:33:38.458Z Escuchando en el puerto 3000.
info: 2021-09-03T04:33:55.483Z ::1 - GET / HTTP/1.1 200 17 - 2.318 ms

info: 2021-09-03T04:34:01.775Z ::1 - GET /productos HTTP/1.1 200 222 - 0.578 ms

info: 2021-09-03T04:35:03.020Z Escuchando en el puerto 3000.
info: 2021-09-03T04:35:09.887Z ::1 - GET /productos HTTP/1.1 304 - - 2.677 ms

info: 2021-09-03T04:35:10.388Z ::1 - GET /favicon.ico HTTP/1.1 404 150 - 1.310 ms

info: 2021-09-03T04:35:12.470Z ::1 - GET / HTTP/1.1 401 - - 0.777 ms

info: 2021-09-03T04:35:18.114Z ::1 w GET / HTTP/1.1 401 - - 2.072 ms

info: 2021-09-03T04:35:21.192Z ::1 sam GET / HTTP/1.1 401 - - 0.964 ms

info: 2021-09-03T04:35:25.662Z ::1 sam GET / HTTP/1.1 401 - - 0.302 ms

info: 2021-09-03T04:35:29.291Z ::1 sam GET / HTTP/1.1 304 - - 0.889 ms

info: 2021-09-03T04:36:20.891Z ::1 - GET / HTTP/1.1 401 - - 0.181 ms

info: 2021-09-03T04:36:34.480Z ::1 sam GET / HTTP/1.1 304 - - 0.970 ms

info: 2021-09-03T04:36:37.796Z ::1 sam GET / HTTP/1.1 304 - - 0.448 ms

info: 2021-09-03T04:36:38.942Z ::1 sam GET / HTTP/1.1 304 - - 0.401 ms

info: 2021-09-03T04:36:39.772Z ::1 sam GET / HTTP/1.1 304 - - 0.476 ms

info: 2021-09-03T04:36:40.140Z ::1 sam GET / HTTP/1.1 304 - - 0.437 ms

info: 2021-09-03T04:36:54.427Z ::1 sam GET / HTTP/1.1 304 - - 0.371 ms

info: 2021-09-03T04:37:34.903Z Escuchando en el puerto 3000.
info: 2021-09-03T04:37:47.437Z ::1 sam GET / HTTP/1.1 304 - - 5.426 ms

info: 2021-09-03T04:38:21.171Z ::1 sam GET /productos HTTP/1.1 304 - - 0.586 ms

info: 2021-09-03T04:39:18.170Z Escuchando en el puerto 3000.
info: 2021-09-03T04:39:22.380Z Escuchando en el puerto 3000.
info: 2021-09-03T04:39:25.416Z ::1 sam GET /productos HTTP/1.1 304 - - 2.320 ms

info: 2021-09-03T04:39:33.887Z ::1 sam GET / HTTP/1.1 304 - - 0.493 ms

info: 2021-09-03T04:40:01.057Z ::1 - GET / HTTP/1.1 200 17 - 0.610 ms

info: 2021-09-03T04:41:14.547Z ::1 - GET /productos HTTP/1.1 200 222 - 0.265 ms

info: 2021-09-03T04:41:36.387Z Escuchando en el puerto 3000.
info: 2021-09-03T04:41:39.331Z ::1 - GET /productos HTTP/1.1 304 - - 2.264 ms

info: 2021-09-03T04:41:58.071Z ::1 - GET / HTTP/1.1 401 - - 0.673 ms

info: 2021-09-03T04:42:11.260Z ::1 sam GET / HTTP/1.1 304 - - 2.689 ms

info: 2021-09-03T04:42:35.006Z ::1 sam GET / HTTP/1.1 304 - - 0.965 ms

info: 2021-09-03T04:44:26.719Z ::1 - GET / HTTP/1.1 401 - - 0.133 ms

info: 2021-09-03T04:44:32.454Z ::1 - GET / HTTP/1.1 401 - - 0.227 ms

info: 2021-09-03T04:44:41.329Z ::1 - GET / HTTP/1.1 401 - - 0.145 ms

info: 2021-09-03T04:44:42.741Z ::1 - GET / HTTP/1.1 401 - - 0.178 ms

info: 2021-09-03T04:45:22.821Z ::1 - GET /productos HTTP/1.1 200 222 - 0.372 ms

info: 2021-09-03T04:45:38.927Z ::1 - GET / HTTP/1.1 401 - - 0.123 ms

info: 2021-09-03T04:45:41.844Z ::1 - GET / HTTP/1.1 401 - - 0.125 ms

info: 2021-09-03T04:45:48.666Z ::1 - GET / HTTP/1.1 401 - - 0.117 ms

info: 2021-09-03T04:45:54.413Z ::1 - GET / HTTP/1.1 401 - - 0.128 ms

info: 2021-09-03T04:46:38.957Z ::1 - GET / HTTP/1.1 401 - - 0.135 ms

info: 2021-09-03T04:46:40.606Z ::1 - GET / HTTP/1.1 401 - - 0.122 ms

info: 2021-09-03T04:47:38.798Z ::1 - GET / HTTP/1.1 401 - - 0.114 ms

info: 2021-09-03T04:47:43.551Z ::1 sam GET / HTTP/1.1 401 - - 0.271 ms

info: 2021-09-03T04:47:45.673Z ::1 - GET / HTTP/1.1 401 - - 0.118 ms

info: 2021-09-03T04:49:51.911Z ::1 - GET / HTTP/1.1 401 - - 0.122 ms

info: 2021-09-03T04:49:55.658Z ::1 sam GET / HTTP/1.1 200 17 - 0.364 ms

info: 2021-09-03T05:05:52.196Z Escuchando en el puerto 3000.
info: 2021-09-03T05:05:58.110Z Escuchando en el puerto 3000.
info: 2021-09-03T05:07:02.715Z Escuchando en el puerto 3000.
info: 2021-09-03T05:07:13.789Z ::1 sam GET / HTTP/1.1 401 - - 1.449 ms

info: 2021-09-03T05:07:16.185Z ::1 - GET / HTTP/1.1 401 - - 0.286 ms

info: 2021-09-03T05:07:19.619Z ::1 - GET / HTTP/1.1 401 - - 0.162 ms

info: 2021-09-03T05:07:21.889Z ::1 - GET / HTTP/1.1 401 - - 0.122 ms

info: 2021-09-03T05:07:53.333Z ::1 - GET / HTTP/1.1 401 - - 0.161 ms

info: 2021-09-03T05:08:01.329Z sam
info: 2021-09-03T05:08:01.330Z ::1 - GET / HTTP/1.1 401 - - 1.304 ms

info: 2021-09-03T05:08:04.395Z ::1 - GET / HTTP/1.1 401 - - 0.163 ms

info: 2021-09-03T05:09:41.111Z ::1 - GET / HTTP/1.1 401 - - 0.126 ms

info: 2021-09-03T05:09:42.649Z ::1 - GET / HTTP/1.1 401 - - 0.267 ms

info: 2021-09-03T05:09:45.001Z ::1 - GET / HTTP/1.1 401 - - 0.150 ms

info: 2021-09-03T05:09:51.022Z sam
warn: 2021-09-03T05:09:51.023Z sam
info: 2021-09-03T05:09:51.025Z ::1 - GET / HTTP/1.1 304 - - 2.382 ms

info: 2021-09-03T05:15:50.510Z sam
warn: 2021-09-03T05:15:50.510Z sam
info: 2021-09-03T05:15:50.511Z ::1 - GET / HTTP/1.1 304 - - 0.950 ms

info: 2021-09-03T05:15:55.424Z sam
warn: 2021-09-03T05:15:55.424Z sam
info: 2021-09-03T05:15:55.425Z ::1 - GET / HTTP/1.1 304 - - 0.852 ms

info: 2021-09-03T05:16:09.615Z ::1 - GET / HTTP/1.1 401 - - 0.130 ms

info: 2021-09-03T05:16:12.195Z ::1 - GET / HTTP/1.1 401 - - 0.259 ms

info: 2021-09-03T05:16:20.720Z ::1 - GET / HTTP/1.1 401 - - 0.126 ms

info: 2021-09-03T05:16:22.015Z ::1 - GET / HTTP/1.1 401 - - 0.130 ms

info: 2021-09-03T05:16:41.070Z ::1 - GET / HTTP/1.1 401 - - 0.126 ms

info: 2021-09-03T05:16:52.956Z sa
info: 2021-09-03T05:16:52.956Z ::1 - GET / HTTP/1.1 401 - - 0.385 ms

info: 2021-09-03T05:16:54.593Z ::1 - GET / HTTP/1.1 401 - - 0.132 ms

info: 2021-09-03T05:36:05.550Z Escuchando en el puerto 3000.
info: 2021-09-03T05:36:14.879Z ::1 - GET / HTTP/1.1 401 - - 1.782 ms

info: 2021-09-03T05:36:31.521Z ::1 - GET / HTTP/1.1 401 - - 0.267 ms

info: 2021-09-03T05:36:48.597Z ::1 - GET / HTTP/1.1 401 - - 0.144 ms

info: 2021-09-03T05:36:56.419Z sa
info: 2021-09-03T05:36:56.421Z ::1 - GET / HTTP/1.1 401 - - 1.333 ms

info: 2021-09-03T05:37:00.671Z ::1 - GET / HTTP/1.1 401 - - 0.140 ms

info: 2021-09-03T05:37:29.201Z Escuchando en el puerto 3000.
info: 2021-09-03T05:37:33.374Z ::1 - GET / HTTP/1.1 401 - - 1.281 ms

info: 2021-09-03T05:37:36.709Z sa
info: 2021-09-03T05:37:36.710Z ::1 - GET / HTTP/1.1 401 - - 1.304 ms

info: 2021-09-03T05:37:37.944Z ::1 - GET / HTTP/1.1 401 - - 0.167 ms

info: 2021-09-03T05:38:06.715Z Escuchando en el puerto 3000.
info: 2021-09-03T05:38:11.326Z ::1 - GET / HTTP/1.1 401 - - 1.195 ms

info: 2021-09-03T05:38:16.300Z sa
info: 2021-09-03T05:38:16.301Z ::1 - GET / HTTP/1.1 401 - - 1.459 ms

info: 2021-09-03T05:38:17.349Z ::1 - GET / HTTP/1.1 401 - - 0.146 ms

info: 2021-09-03T05:38:45.238Z Escuchando en el puerto 3000.
info: 2021-09-03T05:38:49.002Z ::1 - GET / HTTP/1.1 401 - - 1.285 ms

info: 2021-09-03T05:38:52.433Z digest
info: 2021-09-03T05:38:52.434Z ::1 - GET / HTTP/1.1 401 - - 1.430 ms

info: 2021-09-03T05:38:53.591Z ::1 - GET / HTTP/1.1 401 - - 0.153 ms

info: 2021-09-03T05:39:06.880Z ::1 - GET / HTTP/1.1 401 - - 0.170 ms

info: 2021-09-03T05:39:14.361Z digest
info: 2021-09-03T05:39:14.361Z info params {"nonce":"7lSr14QRtw0edIqaqWfwWvzc6waq5iDL","cnonce":"b02715b7f0d114ec","nc":"00000002"}
info: 2021-09-03T05:39:14.362Z ::1 - GET / HTTP/1.1 401 - - 1.058 ms

info: 2021-09-03T05:39:15.852Z ::1 - GET / HTTP/1.1 401 - - 0.145 ms

info: 2021-09-03T05:40:30.106Z ::1 - GET / HTTP/1.1 401 - - 0.180 ms

info: 2021-09-03T05:40:35.842Z digest
info: 2021-09-03T05:40:35.842Z ::1 - GET / HTTP/1.1 401 - - 0.517 ms

info: 2021-09-03T05:40:37.035Z ::1 - GET / HTTP/1.1 401 - - 0.145 ms

info: 2021-09-03T05:40:55.893Z ::1 - GET / HTTP/1.1 401 - - 0.120 ms

info: 2021-09-03T05:40:59.958Z digest
info: 2021-09-03T05:40:59.958Z info params {"nonce":"bMx5BcOypzW4hJb9ghz7f6C3TraU5kJa","cnonce":"b45498944d679ba2","nc":"00000002"}
info: 2021-09-03T05:40:59.958Z ::1 - GET / HTTP/1.1 401 - - 0.684 ms

info: 2021-09-03T05:41:01.172Z ::1 - GET / HTTP/1.1 401 - - 0.142 ms

info: 2021-09-03T05:41:13.800Z Escuchando en el puerto 3000.
info: 2021-09-03T05:41:16.981Z ::1 - GET / HTTP/1.1 401 - - 1.317 ms

info: 2021-09-03T05:41:21.765Z digest
info: 2021-09-03T05:41:21.766Z info params {"nonce":"nbNjdtlPfNe8kHvPYddUEkxSo1HbrVs7","cnonce":"89dbd07e33dff86b","nc":"00000002"}
warn: 2021-09-03T05:41:21.767Z warn log
info: 2021-09-03T05:41:21.769Z ::1 - GET / HTTP/1.1 200 17 - 3.463 ms

info: 2021-09-04T07:59:33.464Z Escuchando en el puerto 3000.
info: 2021-09-04T08:00:12.018Z Escuchando en el puerto 3000.
info: 2021-09-04T08:07:14.481Z Escuchando en el puerto 3000.
info: 2021-09-04T08:07:31.334Z Escuchando en el puerto 3000.
info: 2021-09-04T08:31:58.131Z Escuchando en el puerto 3000.
info: 2021-09-04T08:33:09.383Z Escuchando en el puerto 3000.
info: 2021-09-04T08:33:10.463Z Escuchando en el puerto 3000.
info: 2021-09-04T08:33:11.401Z Escuchando en el puerto 3000.
info: 2021-09-04T08:37:36.435Z Escuchando en el puerto 3000.
info: 2021-09-04T08:39:53.122Z Escuchando en el puerto 3000.
info: 2021-09-04T08:39:56.763Z Escuchando en el puerto 3000.
info: 2021-09-04T08:40:04.808Z Escuchando en el puerto 3000.
info: 2021-09-04T08:43:15.451Z Escuchando en el puerto 3000.
info: 2021-09-04T08:44:03.137Z Escuchando en el puerto 3000.
info: 2021-09-04T08:47:52.064Z Escuchando en el puerto 3000.
info: 2021-09-04T08:48:16.696Z Escuchando en el puerto 3000.
info: 2021-09-04T08:49:39.418Z Escuchando en el puerto 3000.
info: 2021-09-04T09:14:09.293Z Escuchando en el puerto 3000.
info: 2021-09-04T09:14:26.592Z Escuchando en el puerto 3000.
info: 2021-09-04T09:15:35.201Z Escuchando en el puerto 3000.
info: 2021-09-04T09:17:21.962Z Escuchando en el puerto 3000.
info: 2021-09-04T09:17:23.822Z Escuchando en el puerto 3000.
info: 2021-09-04T09:17:39.520Z Escuchando en el puerto 3000.
info: 2021-09-04T09:17:55.685Z Escuchando en el puerto 3000.
info: 2021-09-04T09:18:58.458Z Escuchando en el puerto 3000.
info: 2021-09-04T09:20:11.136Z Escuchando en el puerto 3000.
info: 2021-09-04T09:21:20.783Z Escuchando en el puerto 3000.
info: 2021-09-06T04:00:27.896Z Escuchando en el puerto 3000.
info: 2021-09-06T04:00:45.625Z Escuchando en el puerto 3000.
info: 2021-09-06T04:00:47.014Z Escuchando en el puerto 3000.
info: 2021-09-06T04:01:09.342Z Escuchando en el puerto 3000.
info: 2021-09-06T04:03:05.447Z Escuchando en el puerto 3000.
info: 2021-09-06T04:03:48.258Z Escuchando en el puerto 3000.
info: 2021-09-06T04:05:40.038Z Escuchando en el puerto 3000.
info: 2021-09-06T04:05:42.234Z Escuchando en el puerto 3000.
info: 2021-09-06T04:07:01.042Z Escuchando en el puerto 3000.
info: 2021-09-06T04:07:35.338Z Escuchando en el puerto 3000.
info: 2021-09-06T04:10:29.026Z Escuchando en el puerto 3000.
info: 2021-09-06T04:11:30.842Z Escuchando en el puerto 3000.
info: 2021-09-06T04:13:42.494Z Escuchando en el puerto 3000.
info: 2021-09-06T04:15:27.587Z Escuchando en el puerto 3000.
info: 2021-09-06T04:17:36.885Z Escuchando en el puerto 3000.
error: 2021-09-06T04:18:35.987Z uncaughtException: app.use() requires a middleware function
TypeError: app.use() requires a middleware function
    at Function.use (/Users/sgomezb/Documents/nodejs-apps/appdelante_api/node_modules/express/lib/application.js:210:11)
    at Object.<anonymous> (/Users/sgomezb/Documents/nodejs-apps/appdelante_api/index.js:30:5)
    at Module._compile (internal/modules/cjs/loader.js:1063:30)
    at Object.Module._extensions..js (internal/modules/cjs/loader.js:1092:10)
    at Module.load (internal/modules/cjs/loader.js:928:32)
    at Function.Module._load (internal/modules/cjs/loader.js:769:14)
    at Function.executeUserEntryPoint [as runMain] (internal/modules/run_main.js:72:12)
    at internal/main/run_main_module.js:17:47 {"error":{},"stack":"TypeError: app.use() requires a middleware function\n    at Function.use (/Users/sgomezb/Documents/nodejs-apps/appdelante_api/node_modules/express/lib/application.js:210:11)\n    at Object.<anonymous> (/Users/sgomezb/Documents/nodejs-apps/appdelante_api/index.js:30:5)\n    at Module._compile (internal/modules/cjs/loader.js:1063:30)\n    at Object.Module._extensions..js (internal/modules/cjs/loader.js:1092:10)\n    at Module.load (internal/modules/cjs/loader.js:928:32)\n    at Function.Module._load (internal/modules/cjs/loader.js:769:14)\n    at Function.executeUserEntryPoint [as runMain] (internal/modules/run_main.js:72:12)\n    at internal/main/run_main_module.js:17:47","exception":true,"date":"Sun Sep 05 2021 23:18:35 GMT-0500 (Central Daylight Time)","process":{"pid":86102,"uid":502,"gid":20,"cwd":"/Users/sgomezb/Documents/nodejs-apps/appdelante_api","execPath":"/usr/local/bin/node","version":"v14.15.1","argv":["/usr/local/bin/node","/Users/sgomezb/Documents/nodejs-apps/appdelante_api/index.js"],"memoryUsage":{"rss":43429888,"heapTotal":19730432,"heapUsed":14002504,"external":1667943,"arrayBuffers":262686}},"os":{"loadavg":[4.7021484375,4.64453125,4.68115234375],"uptime":426277},"trace":[{"column":11,"file":"/Users/sgomezb/Documents/nodejs-apps/appdelante_api/node_modules/express/lib/application.js","function":"Function.use","line":210,"method":"use","native":false},{"column":5,"file":"/Users/sgomezb/Documents/nodejs-apps/appdelante_api/index.js","function":null,"line":30,"method":null,"native":false},{"column":30,"file":"internal/modules/cjs/loader.js","function":"Module._compile","line":1063,"method":"_compile","native":false},{"column":10,"file":"internal/modules/cjs/loader.js","function":"Module._extensions..js","line":1092,"method":".js","native":false},{"column":32,"file":"internal/modules/cjs/loader.js","function":"Module.load","line":928,"method":"load","native":false},{"column":14,"file":"internal/modules/cjs/loader.js","function":"Module._load","line":769,"method":"_load","native":false},{"column":12,"file":"internal/modules/run_main.js","function":"Function.executeUserEntryPoint [as runMain]","line":72,"method":"executeUserEntryPoint [as runMain]","native":false},{"column":47,"file":"internal/main/run_main_module.js","function":null,"line":17,"method":null,"native":false}]}
info: 2021-09-06T04:18:40.673Z Escuchando en el puerto 3000.
info: 2021-09-06T04:18:41.970Z Escuchando en el puerto 3000.
info: 2021-09-06T04:19:55.122Z Escuchando en el puerto 3000.
info: 2021-09-06T04:22:23.811Z ::1 - GET /usuarios HTTP/1.1 200 2 - 2.971 ms

info: 2021-09-06T04:24:51.259Z Producto falló la validación {"0":{"message":"\"username\" must only contain alpha-numeric characters","path":["username"],"type":"string.alphanum","context":{"label":"username","value":"sierra-034","key":"username"}}}
info: 2021-09-06T04:24:51.260Z ::1 - POST /usuarios HTTP/1.1 400 222 - 5.888 ms

info: 2021-09-06T04:25:37.310Z ::1 - POST /usuarios HTTP/1.1 500 1554 - 1.661 ms

info: 2021-09-06T04:27:16.106Z Escuchando en el puerto 3000.
info: 2021-09-06T04:27:31.234Z ::1 - POST /usuarios HTTP/1.1 500 1554 - 5.501 ms

error: 2021-09-06T04:27:31.335Z uncaughtException: Cannot set headers after they are sent to the client
Error [ERR_HTTP_HEADERS_SENT]: Cannot set headers after they are sent to the client
    at ServerResponse.setHeader (_http_outgoing.js:558:11)
    at ServerResponse.header (/Users/sgomezb/Documents/nodejs-apps/appdelante_api/node_modules/express/lib/response.js:771:10)
    at ServerResponse.send (/Users/sgomezb/Documents/nodejs-apps/appdelante_api/node_modules/express/lib/response.js:170:12)
    at /Users/sgomezb/Documents/nodejs-apps/appdelante_api/api/recursos/usuarios/usuarios.routes.js:38:30 {"error":{"code":"ERR_HTTP_HEADERS_SENT"},"stack":"Error [ERR_HTTP_HEADERS_SENT]: Cannot set headers after they are sent to the client\n    at ServerResponse.setHeader (_http_outgoing.js:558:11)\n    at ServerResponse.header (/Users/sgomezb/Documents/nodejs-apps/appdelante_api/node_modules/express/lib/response.js:771:10)\n    at ServerResponse.send (/Users/sgomezb/Documents/nodejs-apps/appdelante_api/node_modules/express/lib/response.js:170:12)\n    at /Users/sgomezb/Documents/nodejs-apps/appdelante_api/api/recursos/usuarios/usuarios.routes.js:38:30","exception":true,"date":"Sun Sep 05 2021 23:27:31 GMT-0500 (Central Daylight Time)","process":{"pid":86309,"uid":502,"gid":20,"cwd":"/Users/sgomezb/Documents/nodejs-apps/appdelante_api","execPath":"/usr/local/bin/node","version":"v14.15.1","argv":["/usr/local/bin/node","/Users/sgomezb/Documents/nodejs-apps/appdelante_api/index.js"],"memoryUsage":{"rss":35385344,"heapTotal":11206656,"heapUsed":9871528,"external":1543400,"arrayBuffers":129515}},"os":{"loadavg":[7.36474609375,5.0390625,4.7568359375],"uptime":426813},"trace":[{"column":11,"file":"_http_outgoing.js","function":"ServerResponse.setHeader","line":558,"method":"setHeader","native":false},{"column":10,"file":"/Users/sgomezb/Documents/nodejs-apps/appdelante_api/node_modules/express/lib/response.js","function":"ServerResponse.header","line":771,"method":"header","native":false},{"column":12,"file":"/Users/sgomezb/Documents/nodejs-apps/appdelante_api/node_modules/express/lib/response.js","function":"ServerResponse.send","line":170,"method":"send","native":false},{"column":30,"file":"/Users/sgomezb/Documents/nodejs-apps/appdelante_api/api/recursos/usuarios/usuarios.routes.js","function":null,"line":38,"method":null,"native":false}]}
info: 2021-09-06T04:27:44.481Z Escuchando en el puerto 3000.
info: 2021-09-06T04:29:00.998Z Escuchando en el puerto 3000.
info: 2021-09-06T04:29:08.604Z ::1 - POST /usuarios HTTP/1.1 200 28 - 79.314 ms

info: 2021-09-06T04:29:23.594Z ::1 - GET /usuarios HTTP/1.1 200 142 - 0.768 ms

info: 2021-09-06T04:30:47.234Z Escuchando en el puerto 3000.
info: 2021-09-06T04:30:55.058Z Producto falló la validación {"0":{"message":"\"password\" is required","path":["password"],"type":"any.required","context":{"label":"password","key":"password"}}}
info: 2021-09-06T04:30:55.065Z ::1 - POST /usuarios HTTP/1.1 400 222 - 6.707 ms

info: 2021-09-06T04:31:09.001Z Producto falló la validación {"0":{"message":"\"email\" must be a valid email","path":["email"],"type":"string.email","context":{"value":"samuel.gomez.balderas","invalids":["samuel.gomez.balderas"],"label":"email","key":"email"}}}
info: 2021-09-06T04:31:09.002Z ::1 - POST /usuarios HTTP/1.1 400 222 - 1.235 ms

info: 2021-09-06T04:31:13.049Z ::1 - POST /usuarios HTTP/1.1 200 28 - 86.117 ms

info: 2021-09-06T04:32:17.620Z Email o username ya existen en la base de datos.
info: 2021-09-06T04:32:17.621Z ::1 - POST /usuarios HTTP/1.1 409 53 - 0.863 ms

error: 2021-09-06T04:32:17.755Z uncaughtException: Cannot set headers after they are sent to the client
Error [ERR_HTTP_HEADERS_SENT]: Cannot set headers after they are sent to the client
    at ServerResponse.setHeader (_http_outgoing.js:558:11)
    at ServerResponse.header (/Users/sgomezb/Documents/nodejs-apps/appdelante_api/node_modules/express/lib/response.js:771:10)
    at ServerResponse.send (/Users/sgomezb/Documents/nodejs-apps/appdelante_api/node_modules/express/lib/response.js:170:12)
    at /Users/sgomezb/Documents/nodejs-apps/appdelante_api/api/recursos/usuarios/usuarios.routes.js:38:30 {"error":{"code":"ERR_HTTP_HEADERS_SENT"},"stack":"Error [ERR_HTTP_HEADERS_SENT]: Cannot set headers after they are sent to the client\n    at ServerResponse.setHeader (_http_outgoing.js:558:11)\n    at ServerResponse.header (/Users/sgomezb/Documents/nodejs-apps/appdelante_api/node_modules/express/lib/response.js:771:10)\n    at ServerResponse.send (/Users/sgomezb/Documents/nodejs-apps/appdelante_api/node_modules/express/lib/response.js:170:12)\n    at /Users/sgomezb/Documents/nodejs-apps/appdelante_api/api/recursos/usuarios/usuarios.routes.js:38:30","exception":true,"date":"Sun Sep 05 2021 23:32:17 GMT-0500 (Central Daylight Time)","process":{"pid":86444,"uid":502,"gid":20,"cwd":"/Users/sgomezb/Documents/nodejs-apps/appdelante_api","execPath":"/usr/local/bin/node","version":"v14.15.1","argv":["/usr/local/bin/node","/Users/sgomezb/Documents/nodejs-apps/appdelante_api/index.js"],"memoryUsage":{"rss":31567872,"heapTotal":11730944,"heapUsed":9675664,"external":1448878,"arrayBuffers":34993}},"os":{"loadavg":[3.892578125,5.24853515625,5.00537109375],"uptime":427099},"trace":[{"column":11,"file":"_http_outgoing.js","function":"ServerResponse.setHeader","line":558,"method":"setHeader","native":false},{"column":10,"file":"/Users/sgomezb/Documents/nodejs-apps/appdelante_api/node_modules/express/lib/response.js","function":"ServerResponse.header","line":771,"method":"header","native":false},{"column":12,"file":"/Users/sgomezb/Documents/nodejs-apps/appdelante_api/node_modules/express/lib/response.js","function":"ServerResponse.send","line":170,"method":"send","native":false},{"column":30,"file":"/Users/sgomezb/Documents/nodejs-apps/appdelante_api/api/recursos/usuarios/usuarios.routes.js","function":null,"line":38,"method":null,"native":false}]}
info: 2021-09-06T04:33:02.586Z Escuchando en el puerto 3000.
info: 2021-09-06T04:33:15.900Z Producto falló la validación {"0":{"message":"\"email\" must be a valid email","path":["email"],"type":"string.email","context":{"value":"samuel.gomez.balderas","invalids":["samuel.gomez.balderas"],"label":"email","key":"email"}}}
info: 2021-09-06T04:33:15.906Z ::1 - POST /usuarios HTTP/1.1 400 222 - 6.825 ms

info: 2021-09-06T04:33:34.116Z ::1 - POST /usuarios HTTP/1.1 200 28 - 89.714 ms

info: 2021-09-06T04:33:59.367Z Producto falló la validación {"0":{"message":"\"password\" length must be at least 6 characters long","path":["password"],"type":"string.min","context":{"limit":6,"value":"ams-0","label":"password","key":"password"}},"1":{"message":"\"email\" must be a valid email","path":["email"],"type":"string.email","context":{"value":"samuel.gomez","invalids":["samuel.gomez"],"label":"email","key":"email"}}}
info: 2021-09-06T04:33:59.368Z ::1 - POST /usuarios HTTP/1.1 400 222 - 1.114 ms

info: 2021-09-06T04:34:34.743Z ::1 - GET /usuarios HTTP/1.1 200 133 - 0.544 ms

info: 2021-09-06T04:37:52.538Z Escuchando en el puerto 3000.
info: 2021-09-06T04:37:59.800Z Producto falló la validación {"0":"\"username\" must only contain alpha-numeric characters","1":"\"password\" length must be at least 6 characters long"}
info: 2021-09-06T04:37:59.808Z ::1 - POST /usuarios HTTP/1.1 400 222 - 6.484 ms

info: 2021-09-06T04:38:19.904Z Producto falló la validación {"0":"\"username\" must only contain alpha-numeric characters"}
info: 2021-09-06T04:38:19.905Z ::1 - POST /usuarios HTTP/1.1 400 222 - 1.741 ms

info: 2021-09-06T04:38:39.307Z ::1 - POST /usuarios HTTP/1.1 200 28 - 69.399 ms

info: 2021-09-06T04:38:45.875Z Producto falló la validación {"0":"\"password\" length must be at least 6 characters long"}
info: 2021-09-06T04:38:45.876Z ::1 - POST /usuarios HTTP/1.1 400 222 - 0.952 ms

info: 2021-09-06T04:39:28.150Z Email o username ya existen en la base de datos.
info: 2021-09-06T04:39:28.153Z ::1 - POST /usuarios HTTP/1.1 409 53 - 0.819 ms

error: 2021-09-06T04:39:28.227Z uncaughtException: Cannot set headers after they are sent to the client
Error [ERR_HTTP_HEADERS_SENT]: Cannot set headers after they are sent to the client
    at ServerResponse.setHeader (_http_outgoing.js:558:11)
    at ServerResponse.header (/Users/sgomezb/Documents/nodejs-apps/appdelante_api/node_modules/express/lib/response.js:771:10)
    at ServerResponse.send (/Users/sgomezb/Documents/nodejs-apps/appdelante_api/node_modules/express/lib/response.js:170:12)
    at /Users/sgomezb/Documents/nodejs-apps/appdelante_api/api/recursos/usuarios/usuarios.routes.js:38:30 {"error":{"code":"ERR_HTTP_HEADERS_SENT"},"stack":"Error [ERR_HTTP_HEADERS_SENT]: Cannot set headers after they are sent to the client\n    at ServerResponse.setHeader (_http_outgoing.js:558:11)\n    at ServerResponse.header (/Users/sgomezb/Documents/nodejs-apps/appdelante_api/node_modules/express/lib/response.js:771:10)\n    at ServerResponse.send (/Users/sgomezb/Documents/nodejs-apps/appdelante_api/node_modules/express/lib/response.js:170:12)\n    at /Users/sgomezb/Documents/nodejs-apps/appdelante_api/api/recursos/usuarios/usuarios.routes.js:38:30","exception":true,"date":"Sun Sep 05 2021 23:39:28 GMT-0500 (Central Daylight Time)","process":{"pid":86601,"uid":502,"gid":20,"cwd":"/Users/sgomezb/Documents/nodejs-apps/appdelante_api","execPath":"/usr/local/bin/node","version":"v14.15.1","argv":["/usr/local/bin/node","/Users/sgomezb/Documents/nodejs-apps/appdelante_api/index.js"],"memoryUsage":{"rss":32575488,"heapTotal":11468800,"heapUsed":9938856,"external":1449720,"arrayBuffers":35835}},"os":{"loadavg":[3.60986328125,4.1962890625,4.60791015625],"uptime":427530},"trace":[{"column":11,"file":"_http_outgoing.js","function":"ServerResponse.setHeader","line":558,"method":"setHeader","native":false},{"column":10,"file":"/Users/sgomezb/Documents/nodejs-apps/appdelante_api/node_modules/express/lib/response.js","function":"ServerResponse.header","line":771,"method":"header","native":false},{"column":12,"file":"/Users/sgomezb/Documents/nodejs-apps/appdelante_api/node_modules/express/lib/response.js","function":"ServerResponse.send","line":170,"method":"send","native":false},{"column":30,"file":"/Users/sgomezb/Documents/nodejs-apps/appdelante_api/api/recursos/usuarios/usuarios.routes.js","function":null,"line":38,"method":null,"native":false}]}
info: 2021-09-06T04:40:16.308Z Escuchando en el puerto 3000.
info: 2021-09-06T04:40:31.789Z Escuchando en el puerto 3000.
info: 2021-09-06T04:40:37.850Z Escuchando en el puerto 3000.
info: 2021-09-06T04:40:44.150Z ::1 - POST /usuarios HTTP/1.1 200 28 - 91.126 ms

info: 2021-09-06T04:40:46.441Z Email o username ya existen en la base de datos.
info: 2021-09-06T04:40:46.443Z ::1 - POST /usuarios HTTP/1.1 409 53 - 1.731 ms

info: 2021-09-06T04:41:01.387Z Producto falló la validación {"0":"\"password\" length must be at least 6 characters long"}
info: 2021-09-06T04:41:01.391Z ::1 - POST /usuarios HTTP/1.1 400 222 - 3.174 ms

info: 2021-09-06T04:41:34.853Z Escuchando en el puerto 3000.
